<?xml version="1.0" encoding="UTF-8"?>
<!-- Generated by org.testng.reporters.JUnitReportReporter -->
<testsuite hostname="DESKTOP-SA70GI3" failures="0" tests="1" name="Runner.AmazonTestRunner" time="18.362" errors="0" timestamp="2024-03-04T13:51:56 IST" skipped="0">
  <testcase classname="Runner.AmazonTestRunner" name="runScenario" time="18.362"/>
</testsuite> <!-- Runner.AmazonTestRunner -->
